

*******************************************************************************
Wed Apr 27 17:03:00 2016


FIT:    data read from './src.cnt.wineringa' u 1:2
        format = x:z
        #datapoints = 16
        residuals are weighted equally (unit weight)

function used for fitting: N(S)
fitted parameters initialized with current variable values



*******************************************************************************
Wed Apr 27 17:03:35 2016


FIT:    data read from './src.cnt.wineringa' u 1:2
        format = x:z
        #datapoints = 16
        residuals are weighted equally (unit weight)

function used for fitting: f(x)
fitted parameters initialized with current variable values



 Iteration 0
 WSSR        : 2.3853e+07        delta(WSSR)/WSSR   : 0
 delta(WSSR) : 0                 limit for stopping : 1e-05
 lambda	  : 0.34566

initial set of free parameter values

a               = 1
b               = 1
BREAK:          Undefined value during function evaluation

